<?xml version="1.0" encoding="UTF-8"?>
<testsuite name="io.fruitful.ecomerce.LibraryTest" tests="1" skipped="0" failures="0" errors="0" timestamp="2021-11-10T03:08:32" hostname="hung-PC" time="0.001">
  <properties/>
  <testcase name="testSomeLibraryMethod" classname="io.fruitful.ecomerce.LibraryTest" time="0.001"/>
  <system-out><![CDATA[]]></system-out>
  <system-err><![CDATA[]]></system-err>
</testsuite>
